

###################################################
################# Relatorio ArLis #################
###################################################

Numero de comparacoes para inserir arvore: 11
Numero de comparacoes para remover arvore: 19
Numero de comparacoes para percorrer arvore: 18
Numero de comparacoes por palavra na lista: 19


###################################################

[Conteudo do no] -> [insercoes] [remocoes] [percurso]

[    Sondagem      ] -> [2]  [9]  [3]
[      PAA!        ] -> [0]  [9]  [3]



###################################################

Contagem de comparacoes por insercao por tentativa
Tentativa [x] -> [total] 
Tentativa  [0] -> [4]
Tentativa  [1] -> [7]


Contagem de comparacoes por remocao por tentativa
Tentativa [x] -> [total]  
Tentativa  [0] -> [3]
Tentativa  [1] -> [2]
Tentativa  [2] -> [2]
Tentativa  [3] -> [2]
Tentativa  [4] -> [2]
Tentativa  [5] -> [2]
Tentativa  [6] -> [2]
Tentativa  [7] -> [2]
Tentativa  [8] -> [2]


Contagem de comparacoes por percurso por tentativa
Tentativa [x] -> [total]  
Tentativa  [0] -> [18]


###################################################

Tentativas na lista [nó] -> [total]  

[    Sondagem      ] -> [15]

[      PAA!        ] -> [14]

  Contagem nos nós por posicao da lista [    Sondagem      ]: 

     [0] -> [15]
     [1] -> [15]
     [2] -> [15]
     [3] -> [15]
     [4] -> [15]
     [5] -> [15]
     [6] -> [15]
     [7] -> [15]
     [8] -> [15]
  Contagem nos nós por posicao da lista [      PAA!        ]: 

     [0] -> [14]
     [1] -> [14]
     [2] -> [14]
     [3] -> [14]
     [4] -> [14]



#######################################################
################# Imprimindo a Arvore #################
#######################################################



      [Sondagem ]      
[PAA!]
