Alguns anos vivi em Itabira.
Principalmente nasci em Itabira
Por isso sou triste, orgulhoso: de ferro.
Noventa por cento de ferro nas calcadas.
Oitenta por cento de ferro nas almas.
E esse alheamento do que na vida e porosidade e comunicacao.

A vontade de amar, que me paralisa o trabalho,
vem de Itabira, de suas noites brancas, sem mulheres e sem horizontes.

E o habito de sofrer, que tanto me diverte,
e doce herana itabirana.

De Itabira trouxe prendas diversas que ora te ofereco:
esta pedra de ferro, futuro aco do Brasil,
este Sao Benedito do velho santeiro Alfredo Duval;
este couro de anta, estendido no sofa da sala de visitas;
este orgulho, esta cabeca baixa...

Tive ouro, tive gado, tive fazendas.
Hoje sou funcionario publico.
Itabira e apenas uma fotografia na parede.
Mas como doi!

**************
**************
Erro na busca da palavra (PAA!)
Erro na busca da palavra (Sondagem)
Erro na busca da palavra (2)
Erro na busca da palavra (novo)
Erro na busca da palavra (fingidor.)
Erro na busca da palavra (bem,)
Tive 

de 

Removido com sucesso (de)
Erro na remocao (um)
Erro na remocao (O)
Erro na remocao (completamente)
Erro na remocao (calhas)
Erro na remocao (acontecimento)
Erro na remocao (Nunca)
Erro na remocao (Nunca)
baixa...


pedra 

Removido com sucesso (pedra)
**************
**************

Impressao ArLis (traduzida): 
Alguns anos vivi em Itabira.
Principalmente nasci em Itabira
Por isso sou triste, orgulhoso: de ferro.
Noventa por cento de ferro nas calcadas.
Oitenta por cento de ferro nas almas.
E esse alheamento do que na vida e porosidade e comunicacao.

A vontade de amar, que me paralisa o trabalho,
vem de Itabira, de suas noites brancas, sem mulheres e sem horizontes.

E o habito de sofrer, que tanto me diverte,
e doce herana itabirana.

De Itabira trouxe prendas diversas que ora te ofereco:
esta baixa...
de ferro, futuro aco do Brasil,
este Sao Benedito do velho santeiro Alfredo Duval;
este couro de anta, estendido no sofa da sala Tive visitas;
este orgulho, esta cabeca 
ouro, tive gado, tive fazendas.
Hoje sou funcionario publico.
Itabira e apenas uma fotografia na parede.
Mas como doi!

